<?xml version="1.0" encoding="UTF-8"?>
<!-- Generated by org.testng.reporters.JUnitReportReporter -->
<testsuite hostname="AdrianPCGamer" failures="0" tests="1" name="testCase.TC01_Login_Orange" time="2.458" errors="0" timestamp="2022-05-07T14:39:47 CDT" skipped="0">
  <testcase classname="testCase.TC01_Login_Orange" name="Login" time="2.458"/>
  <system-out/>
</testsuite> <!-- testCase.TC01_Login_Orange -->
