<?xml version="1.0" encoding="UTF-8"?>
<!-- Generated by org.testng.reporters.JUnitReportReporter -->
<testsuite hostname="AdrianPCGamer" failures="0" tests="3" name="testCase.TC02_Directory_Orange" time="7.098" errors="0" timestamp="2022-05-07T22:35:59 CDT" skipped="0">
  <testcase classname="testCase.TC02_Directory_Orange" name="Login" time="1.631"/>
  <system-out/>
  <testcase classname="testCase.TC02_Directory_Orange" name="DirctoryPage" time="5.065"/>
  <system-out/>
  <testcase classname="testCase.TC02_Directory_Orange" name="Validate" time="0.402"/>
  <system-out/>
</testsuite> <!-- testCase.TC02_Directory_Orange -->
