<?xml version="1.0" encoding="UTF-8"?>
<!-- Generated by org.testng.reporters.JUnitReportReporter -->
<testsuite hostname="AdrianPCGamer" failures="0" tests="5" name="caseTest.BlackPearlTravel" time="40.431" errors="0" timestamp="2022-12-16T18:22:18 CST" skipped="0">
  <testcase classname="caseTest.BlackPearlTravel" name="SearchBarXbox" time="0.045"/>
  <system-out/>
  <testcase classname="caseTest.BlackPearlTravel" name="SearchTextMessageEmpty" time="0.049"/>
  <system-out/>
  <testcase classname="caseTest.BlackPearlTravel" name="SearchIslandResults" time="20.121"/>
  <system-out/>
  <testcase classname="caseTest.BlackPearlTravel" name="SearchCastlesResult" time="0.082"/>
  <system-out/>
  <testcase classname="caseTest.BlackPearlTravel" name="SearchPortRoyalResult" time="20.134"/>
  <system-out/>
</testsuite> <!-- caseTest.BlackPearlTravel -->
