<?xml version="1.0" encoding="UTF-8"?>
<!-- Generated by org.testng.reporters.JUnitReportReporter -->
<testsuite hostname="AdrianPCGamer" failures="0" tests="3" name="testCase.TC03_Admin_Orange" time="6.481" errors="0" timestamp="2022-05-12T14:37:24 CDT" skipped="0">
  <testcase classname="testCase.TC03_Admin_Orange" name="Login" time="1.950"/>
  <system-out/>
  <testcase classname="testCase.TC03_Admin_Orange" name="Admin" time="1.652"/>
  <system-out/>
  <testcase classname="testCase.TC03_Admin_Orange" name="UpdateFiona" time="2.879"/>
  <system-out/>
</testsuite> <!-- testCase.TC03_Admin_Orange -->
